<?xml version="1.0" encoding="UTF-8" standalone="yes"?><!DOCTYPE report PUBLIC "-//JACOCO//DTD Report 1.0//EN" "report.dtd"><report name="HelloWorld"><sessioninfo id="YF-60007968-68a3846c" start="1571794453213" dump="1571794453525"/><package name=""><class name="HelloWorld"><method name="&lt;init&gt;" desc="()V" line="1"><counter type="INSTRUCTION" missed="0" covered="3"/><counter type="LINE" missed="0" covered="1"/><counter type="COMPLEXITY" missed="0" covered="1"/><counter type="METHOD" missed="0" covered="1"/></method><method name="sayHello" desc="()Ljava/lang/String;" line="3"><counter type="INSTRUCTION" missed="0" covered="2"/><counter type="LINE" missed="0" covered="1"/><counter type="COMPLEXITY" missed="0" covered="1"/><counter type="METHOD" missed="0" covered="1"/></method><method name="Switch" desc="(I)I" line="6"><counter type="INSTRUCTION" missed="0" covered="14"/><counter type="BRANCH" missed="0" covered="3"/><counter type="LINE" missed="0" covered="8"/><counter type="COMPLEXITY" missed="0" covered="3"/><counter type="METHOD" missed="0" covered="1"/></method><counter type="INSTRUCTION" missed="0" covered="19"/><counter type="BRANCH" missed="0" covered="3"/><counter type="LINE" missed="0" covered="10"/><counter type="COMPLEXITY" missed="0" covered="5"/><counter type="METHOD" missed="0" covered="3"/><counter type="CLASS" missed="0" covered="1"/></class><sourcefile name="HelloWorld.java"><line nr="1" mi="0" ci="3" mb="0" cb="0"/><line nr="3" mi="0" ci="2" mb="0" cb="0"/><line nr="6" mi="0" ci="2" mb="0" cb="0"/><line nr="7" mi="0" ci="2" mb="0" cb="3"/><line nr="9" mi="0" ci="2" mb="0" cb="0"/><line nr="10" mi="0" ci="1" mb="0" cb="0"/><line nr="12" mi="0" ci="2" mb="0" cb="0"/><line nr="13" mi="0" ci="1" mb="0" cb="0"/><line nr="15" mi="0" ci="2" mb="0" cb="0"/><line nr="19" mi="0" ci="2" mb="0" cb="0"/><counter type="INSTRUCTION" missed="0" covered="19"/><counter type="BRANCH" missed="0" covered="3"/><counter type="LINE" missed="0" covered="10"/><counter type="COMPLEXITY" missed="0" covered="5"/><counter type="METHOD" missed="0" covered="3"/><counter type="CLASS" missed="0" covered="1"/></sourcefile><counter type="INSTRUCTION" missed="0" covered="19"/><counter type="BRANCH" missed="0" covered="3"/><counter type="LINE" missed="0" covered="10"/><counter type="COMPLEXITY" missed="0" covered="5"/><counter type="METHOD" missed="0" covered="3"/><counter type="CLASS" missed="0" covered="1"/></package><counter type="INSTRUCTION" missed="0" covered="19"/><counter type="BRANCH" missed="0" covered="3"/><counter type="LINE" missed="0" covered="10"/><counter type="COMPLEXITY" missed="0" covered="5"/><counter type="METHOD" missed="0" covered="3"/><counter type="CLASS" missed="0" covered="1"/></report>